SF:lib\auth.dart
DA:7,0
DA:10,0
DA:13,0
DA:16,0
DA:17,0
DA:18,0
DA:19,0
DA:25,0
DA:28,0
DA:29,0
DA:30,0
DA:31,0
DA:37,0
DA:38,0
DA:42,0
DA:44,0
DA:45,0
DA:46,0
LF:18
LH:0
BRDA:7,0,0,0
BRDA:10,0,0,0
BRDA:13,0,0,0
BRDA:25,0,0,0
BRDA:37,0,0,0
BRDA:42,0,0,0
end_of_record
SF:lib\main.dart
DA:10,0
DA:11,0
DA:14,0
DA:15,0
DA:23,0
DA:26,0
DA:30,0
DA:32,0
DA:34,0
DA:37,0
DA:39,0
DA:40,0
DA:41,0
DA:44,0
DA:45,0
DA:48,0
DA:49,0
DA:50,0
DA:52,0
DA:53,0
DA:54,0
DA:58,0
DA:59,0
DA:60,0
DA:62,0
DA:63,0
DA:65,0
DA:66,0
DA:70,0
DA:71,0
DA:72,0
DA:76,0
DA:77,0
DA:78,0
DA:79,0
DA:83,0
DA:84,0
DA:85,0
DA:86,0
DA:87,0
DA:88,0
DA:89,0
DA:95,0
DA:96,0
DA:100,0
DA:103,0
DA:104,0
DA:105,0
DA:106,0
DA:107,0
DA:115,0
DA:117,0
DA:118,0
DA:119,0
DA:120,0
DA:123,0
DA:124,0
DA:125,0
DA:129,0
DA:130,0
DA:132,0
DA:133,0
DA:138,0
DA:139,0
DA:140,0
LF:65
LH:0
BRDA:10,0,0,0
BRDA:30,0,0,0
BRDA:85,0,0,0
BRDA:104,0,0,0
BRDA:105,0,0,0
BRDA:106,0,0,0
BRDA:107,0,0,0
BRDA:115,0,0,0
end_of_record
SF:lib\models\pet.dart
DA:9,1
DA:18,1
DA:19,1
DA:20,1
DA:21,1
DA:22,1
DA:23,1
DA:24,1
DA:29,1
DA:30,1
DA:31,1
DA:32,1
DA:33,2
DA:34,1
DA:35,1
LF:15
LH:15
BRDA:9,0,0,1
BRDA:18,0,0,1
BRDA:29,0,0,1
end_of_record
SF:lib\models\post.dart
DA:9,1
DA:18,1
DA:19,1
DA:20,1
DA:21,1
DA:22,1
DA:23,1
DA:24,2
DA:25,1
DA:29,1
DA:30,1
DA:31,1
DA:32,1
DA:33,1
DA:34,1
DA:35,2
DA:36,2
LF:17
LH:17
BRDA:9,0,0,1
BRDA:18,0,0,1
BRDA:29,0,0,1
end_of_record
SF:lib\screens\community_feed_screen.dart
DA:33,1
DA:35,1
DA:36,1
DA:37,1
DA:39,1
DA:40,0
DA:41,1
DA:42,2
DA:43,1
DA:44,2
DA:45,1
DA:47,1
DA:48,1
DA:49,1
DA:50,1
DA:51,1
DA:54,1
DA:56,1
DA:57,1
DA:58,1
DA:59,2
DA:61,2
DA:62,1
DA:63,6
DA:65,1
DA:66,1
DA:67,0
DA:70,1
DA:71,1
DA:74,1
DA:75,1
DA:76,2
DA:79,1
DA:80,1
DA:84,1
DA:85,1
DA:86,2
DA:88,1
DA:89,1
DA:90,1
DA:91,1
DA:92,1
DA:93,0
DA:95,3
DA:96,1
DA:97,1
DA:98,0
DA:100,1
DA:101,1
DA:102,0
LF:50
LH:45
BRDA:33,0,0,1
BRDA:40,0,0,0
BRDA:43,0,0,1
BRDA:67,0,0,0
BRDA:93,0,0,0
BRDA:98,0,0,0
BRDA:102,0,0,0
end_of_record
SF:lib\screens\home_screen.dart
DA:10,0
DA:12,0
DA:13,0
DA:14,0
DA:18,0
DA:19,0
DA:25,0
DA:26,0
DA:27,0
DA:31,0
DA:33,0
DA:34,0
DA:35,0
DA:37,0
DA:39,0
DA:46,0
DA:47,0
DA:48,0
DA:49,0
DA:50,0
DA:51,0
DA:53,0
DA:54,0
DA:56,0
DA:63,0
DA:64,0
DA:65,0
DA:66,0
DA:67,0
DA:73,0
DA:74,0
DA:75,0
DA:76,0
DA:78,0
DA:79,0
DA:82,0
DA:84,0
DA:85,0
DA:87,0
DA:92,0
DA:93,0
DA:94,0
DA:95,0
DA:96,0
DA:98,0
DA:99,0
DA:104,0
DA:109,0
DA:110,0
DA:111,0
DA:116,0
DA:117,0
DA:118,0
DA:120,0
DA:121,0
DA:122,0
DA:124,0
DA:125,0
DA:126,0
DA:127,0
DA:128,0
DA:132,0
DA:135,0
DA:136,0
DA:140,0
DA:141,0
DA:142,0
DA:150,0
DA:152,0
DA:153,0
DA:154,0
DA:155,0
DA:156,0
LF:73
LH:0
BRDA:10,0,0,0
BRDA:12,0,0,0
BRDA:18,0,0,0
BRDA:25,0,0,0
BRDA:26,0,0,0
BRDA:31,0,0,0
BRDA:65,0,0,0
BRDA:117,0,0,0
BRDA:120,0,0,0
BRDA:140,0,0,0
BRDA:141,0,0,0
BRDA:150,0,0,0
end_of_record
SF:lib\screens\main_screen.dart
DA:9,0
DA:10,0
DA:21,0
DA:23,0
DA:24,0
DA:25,0
DA:26,0
DA:27,0
DA:28,0
DA:32,0
DA:33,0
DA:35,0
DA:37,0
DA:42,0
DA:44,0
DA:45,0
DA:46,0
DA:47,0
DA:48,0
DA:49,0
DA:51,0
DA:54,0
DA:55,0
DA:56,0
DA:57,0
DA:63,0
DA:78,0
DA:79,0
DA:81,0
DA:82,0
DA:83,0
LF:31
LH:0
BRDA:9,0,0,0
BRDA:21,0,0,0
BRDA:32,0,0,0
BRDA:35,0,0,0
BRDA:42,0,0,0
BRDA:81,0,0,0
BRDA:82,0,0,0
end_of_record
SF:lib\screens\pet_profile_screen.dart
DA:5,1
DA:6,1
DA:18,1
DA:20,1
DA:21,1
DA:22,1
DA:25,1
DA:26,1
DA:28,1
DA:29,1
DA:30,1
DA:31,1
DA:32,3
DA:36,1
DA:37,1
DA:44,1
DA:45,1
DA:46,1
DA:47,1
DA:48,1
DA:50,1
DA:51,1
DA:52,1
DA:53,1
DA:54,1
DA:55,1
DA:58,1
DA:59,1
DA:61,1
DA:62,1
DA:63,2
DA:68,1
DA:69,2
DA:72,1
DA:75,1
DA:77,1
DA:78,2
DA:79,2
DA:82,1
DA:83,1
DA:91,1
DA:92,2
DA:93,1
DA:94,2
DA:95,1
DA:96,2
DA:97,1
DA:98,2
DA:99,1
DA:100,1
DA:101,1
DA:103,1
DA:104,1
DA:105,1
DA:107,2
DA:108,1
DA:110,1
DA:111,1
DA:113,1
DA:126,1
DA:127,1
DA:128,1
DA:130,1
DA:134,1
DA:136,1
DA:139,1
DA:140,1
DA:143,0
DA:144,0
DA:145,0
DA:153,0
DA:154,0
DA:155,0
DA:156,0
DA:157,0
DA:158,0
DA:159,0
DA:160,0
DA:163,0
DA:164,0
DA:167,0
DA:171,1
DA:173,2
DA:174,2
DA:175,2
DA:176,2
DA:177,1
LF:87
LH:73
BRDA:5,0,0,1
BRDA:18,0,0,1
BRDA:77,0,0,1
BRDA:78,0,0,1
BRDA:126,0,0,1
BRDA:143,0,0,0
BRDA:153,0,0,0
BRDA:171,0,0,1
end_of_record
SF:lib\screens\signin_screen.dart
DA:6,0
DA:7,0
DA:18,0
DA:19,0
DA:20,0
DA:21,0
DA:22,0
DA:26,0
DA:27,0
DA:28,0
DA:30,0
DA:31,0
DA:32,0
DA:33,0
DA:36,0
DA:37,0
DA:43,0
DA:45,0
DA:46,0
DA:47,0
DA:48,0
DA:49,0
DA:50,0
DA:51,0
DA:52,0
DA:54,0
DA:55,0
DA:57,0
DA:62,0
DA:63,0
DA:64,0
DA:66,0
DA:68,0
DA:69,0
DA:71,0
DA:72,0
DA:75,0
DA:81,0
DA:82,0
DA:83,0
DA:85,0
DA:87,0
DA:88,0
DA:90,0
DA:91,0
DA:97,0
DA:98,0
DA:99,0
DA:100,0
DA:101,0
DA:102,0
DA:103,0
DA:106,0
DA:107,0
DA:108,0
DA:109,0
DA:110,0
DA:111,0
DA:112,0
DA:114,0
DA:118,0
DA:119,0
DA:120,0
DA:121,0
DA:123,0
DA:126,0
DA:137,0
DA:139,0
DA:140,0
DA:141,0
LF:70
LH:0
BRDA:6,0,0,0
BRDA:18,0,0,0
BRDA:20,0,0,0
BRDA:32,0,0,0
BRDA:36,0,0,0
BRDA:43,0,0,0
BRDA:71,0,0,0
BRDA:90,0,0,0
BRDA:120,0,0,0
BRDA:123,0,0,0
BRDA:137,0,0,0
end_of_record
SF:lib\screens\signup_screen.dart
DA:5,0
DA:6,0
DA:18,0
DA:19,0
DA:20,0
DA:21,0
DA:22,0
DA:26,0
DA:27,0
DA:28,0
DA:30,0
DA:31,0
DA:32,0
DA:33,0
DA:36,0
DA:37,0
DA:43,0
DA:45,0
DA:46,0
DA:47,0
DA:48,0
DA:49,0
DA:52,0
DA:54,0
DA:55,0
DA:60,0
DA:61,0
DA:62,0
DA:63,0
DA:64,0
DA:65,0
DA:67,0
DA:68,0
DA:70,0
DA:77,0
DA:78,0
DA:79,0
DA:81,0
DA:84,0
DA:85,0
DA:86,0
DA:87,0
DA:88,0
DA:90,0
DA:92,0
DA:93,0
DA:94,0
DA:97,0
DA:103,0
DA:104,0
DA:105,0
DA:107,0
DA:110,0
DA:111,0
DA:112,0
DA:113,0
DA:114,0
DA:116,0
DA:118,0
DA:119,0
DA:120,0
DA:123,0
DA:129,0
DA:130,0
DA:131,0
DA:133,0
DA:136,0
DA:137,0
DA:138,0
DA:139,0
DA:140,0
DA:142,0
DA:144,0
DA:145,0
DA:146,0
DA:149,0
DA:155,0
DA:156,0
DA:157,0
DA:158,0
DA:159,0
DA:160,0
DA:161,0
DA:164,0
DA:165,0
DA:166,0
DA:167,0
DA:168,0
DA:169,0
DA:170,0
DA:172,0
DA:175,0
DA:176,0
DA:177,0
DA:178,0
DA:180,0
DA:193,0
DA:195,0
DA:196,0
DA:197,0
DA:198,0
LF:101
LH:0
BRDA:5,0,0,0
BRDA:18,0,0,0
BRDA:20,0,0,0
BRDA:32,0,0,0
BRDA:36,0,0,0
BRDA:43,0,0,0
BRDA:93,0,0,0
BRDA:119,0,0,0
BRDA:145,0,0,0
BRDA:193,0,0,0
end_of_record
