SF:lib\auth.dart
DA:6,1
DA:9,0
DA:12,0
DA:15,1
DA:18,2
DA:19,1
DA:20,1
DA:21,2
DA:27,1
DA:30,2
DA:31,1
DA:32,0
DA:33,0
DA:39,1
DA:40,2
DA:44,1
DA:46,2
DA:47,0
DA:48,0
LF:19
LH:13
BRDA:6,0,0,1
BRDA:9,0,0,0
BRDA:12,0,0,0
BRDA:15,0,0,1
BRDA:27,0,0,1
BRDA:39,0,0,1
BRDA:44,0,0,1
end_of_record
SF:lib\main.dart
DA:10,0
DA:11,0
DA:14,0
DA:15,0
DA:24,0
DA:27,0
DA:31,2
DA:33,2
DA:35,2
DA:38,2
DA:40,2
DA:41,2
DA:42,2
DA:45,2
DA:46,2
DA:49,2
DA:50,2
DA:51,4
DA:53,2
DA:54,2
DA:55,2
DA:58,2
DA:59,2
DA:60,2
DA:62,2
DA:63,2
DA:65,2
DA:66,2
DA:69,2
DA:70,2
DA:71,2
DA:74,2
DA:75,2
DA:76,2
DA:77,2
DA:81,2
DA:82,4
DA:83,2
DA:84,4
DA:85,2
DA:88,0
DA:89,0
DA:92,0
DA:95,2
DA:96,0
DA:97,0
DA:98,0
DA:99,0
DA:101,0
DA:103,0
DA:105,0
DA:106,0
DA:108,0
DA:110,0
DA:118,2
DA:120,2
DA:121,2
DA:122,2
DA:123,2
DA:126,2
DA:127,2
DA:128,2
DA:132,2
DA:133,2
DA:135,2
DA:136,2
DA:141,2
DA:142,2
DA:143,2
LF:69
LH:50
BRDA:10,0,0,0
BRDA:31,0,0,2
BRDA:83,0,0,2
BRDA:96,0,0,0
BRDA:97,0,0,0
BRDA:98,0,0,0
BRDA:105,0,0,0
BRDA:118,0,0,2
end_of_record
SF:lib\models\comment.dart
DA:12,2
DA:22,2
DA:25,2
DA:27,2
DA:28,0
DA:30,0
DA:33,2
DA:35,0
DA:36,0
DA:40,2
DA:41,2
DA:42,2
DA:43,2
DA:44,2
DA:45,2
DA:46,2
LF:16
LH:12
BRDA:12,0,0,2
BRDA:22,0,0,2
end_of_record
SF:lib\models\pet.dart
DA:9,3
DA:18,2
DA:19,2
DA:21,2
DA:22,2
DA:23,2
DA:24,2
DA:25,2
DA:29,2
DA:30,2
DA:31,2
DA:32,2
DA:33,2
DA:34,2
DA:35,2
LF:15
LH:15
BRDA:9,0,0,3
BRDA:18,0,0,2
BRDA:29,0,0,2
end_of_record
SF:lib\models\post.dart
DA:16,2
DA:29,2
DA:31,4
DA:34,2
DA:35,2
DA:36,2
DA:37,2
DA:38,2
DA:39,2
DA:40,2
DA:41,4
DA:42,4
DA:43,4
DA:45,0
DA:46,0
DA:49,0
DA:52,0
DA:53,0
DA:59,0
DA:68,2
DA:70,2
DA:71,2
DA:72,2
DA:73,0
DA:74,0
DA:75,0
DA:78,0
DA:82,2
DA:83,2
DA:84,2
DA:85,2
DA:86,2
DA:87,2
DA:88,2
DA:89,2
DA:90,4
DA:91,2
DA:92,2
LF:38
LH:28
BRDA:16,0,0,2
BRDA:29,0,0,2
BRDA:68,0,0,2
BRDA:82,0,0,2
end_of_record
SF:lib\screens\community_feed_screen.dart
DA:10,2
DA:11,2
DA:27,2
DA:29,2
DA:30,2
DA:31,6
DA:34,2
DA:35,8
DA:38,0
DA:39,0
DA:40,0
DA:41,0
DA:46,0
DA:47,0
DA:49,0
DA:50,0
DA:54,0
DA:55,0
DA:56,0
DA:57,0
DA:60,0
DA:61,0
DA:62,0
DA:65,0
DA:66,0
DA:70,0
DA:71,0
DA:74,0
DA:75,0
DA:80,0
DA:82,0
DA:84,0
DA:85,0
DA:90,0
DA:92,0
DA:93,0
DA:97,0
DA:98,0
DA:103,0
DA:104,0
DA:105,0
DA:107,0
DA:108,0
DA:110,0
DA:115,0
DA:116,0
DA:117,0
DA:118,0
DA:120,0
DA:122,0
DA:123,0
DA:124,0
DA:125,0
DA:127,0
DA:130,0
DA:131,0
DA:132,0
DA:133,0
DA:134,0
DA:135,0
DA:136,0
DA:138,0
DA:139,0
DA:142,0
DA:143,0
DA:144,0
DA:145,0
DA:146,0
DA:147,0
DA:149,0
DA:155,0
DA:157,0
DA:158,0
DA:159,0
DA:160,0
DA:161,0
DA:162,0
DA:163,0
DA:164,0
DA:166,0
DA:168,0
DA:169,0
DA:170,0
DA:171,0
DA:172,0
DA:180,0
DA:181,0
DA:182,0
DA:183,0
DA:184,0
DA:185,0
DA:186,0
DA:187,0
DA:189,0
DA:193,0
DA:194,0
DA:195,0
DA:196,0
DA:199,0
DA:200,0
DA:201,0
DA:203,0
DA:204,0
DA:206,0
DA:207,0
DA:223,0
DA:224,0
DA:225,0
DA:226,0
DA:227,0
DA:228,0
DA:229,0
DA:230,0
DA:236,2
DA:238,2
DA:239,2
DA:240,2
DA:245,2
DA:246,0
DA:247,0
DA:249,0
DA:253,0
DA:254,0
DA:255,0
DA:256,0
DA:257,0
DA:258,0
DA:262,2
DA:263,6
DA:265,2
DA:266,2
DA:267,2
DA:268,2
DA:269,0
DA:270,0
DA:272,2
DA:273,4
DA:276,0
DA:278,0
DA:279,0
DA:280,0
DA:282,0
DA:283,0
DA:286,0
DA:288,0
DA:289,0
DA:291,0
DA:293,0
DA:294,0
DA:296,0
DA:298,0
DA:299,0
DA:300,0
DA:301,0
DA:303,0
DA:306,0
DA:307,0
DA:314,0
DA:315,0
DA:316,0
DA:317,0
DA:318,0
DA:319,0
DA:320,0
DA:323,0
DA:324,0
DA:325,0
DA:326,0
DA:327,0
DA:328,0
DA:329,0
DA:330,0
DA:334,0
DA:335,0
DA:337,0
DA:338,0
DA:339,0
DA:340,0
DA:341,0
DA:344,0
DA:346,0
DA:347,0
DA:348,0
DA:349,0
DA:350,0
DA:351,0
DA:353,0
DA:355,0
DA:356,0
DA:357,0
DA:358,0
DA:359,0
DA:365,0
DA:366,0
DA:369,0
DA:370,0
DA:371,0
DA:373,0
DA:375,0
DA:378,0
DA:379,0
DA:383,0
DA:389,0
DA:390,0
DA:391,0
DA:392,0
DA:393,0
DA:398,0
DA:399,0
DA:400,0
DA:401,0
DA:403,0
DA:404,0
DA:405,0
DA:406,0
DA:408,0
DA:419,0
DA:420,0
DA:421,0
DA:423,0
DA:424,0
DA:425,0
DA:426,0
DA:427,0
DA:428,0
DA:431,0
DA:433,0
DA:435,0
DA:436,0
DA:437,0
DA:438,0
DA:440,0
DA:441,0
DA:442,0
DA:443,0
DA:459,2
DA:461,4
DA:462,6
DA:463,4
DA:464,2
LF:240
LH:26
BRDA:10,0,0,2
BRDA:27,0,0,2
BRDA:34,0,0,2
BRDA:38,0,0,0
BRDA:46,0,0,0
BRDA:49,0,0,0
BRDA:61,0,0,0
BRDA:65,0,0,0
BRDA:74,0,0,0
BRDA:80,0,0,0
BRDA:90,0,0,0
BRDA:103,0,0,0
BRDA:110,0,0,0
BRDA:115,0,0,0
BRDA:133,0,0,0
BRDA:158,0,0,0
BRDA:163,0,0,0
BRDA:195,0,0,0
BRDA:223,0,0,0
BRDA:236,0,0,2
BRDA:246,0,0,0
BRDA:249,0,0,0
BRDA:255,0,0,0
BRDA:267,0,0,2
BRDA:300,0,0,0
BRDA:303,0,0,0
BRDA:315,0,0,0
BRDA:317,0,0,0
BRDA:326,0,0,0
BRDA:350,0,0,0
BRDA:359,0,0,0
BRDA:383,0,0,0
BRDA:398,0,0,0
BRDA:433,0,0,0
BRDA:438,0,0,0
BRDA:443,0,0,0
BRDA:459,0,0,2
end_of_record
SF:lib\screens\create_post_screen.dart
DA:10,2
DA:11,2
DA:32,2
DA:34,2
DA:36,6
DA:37,6
DA:40,2
DA:41,4
DA:42,10
DA:43,8
DA:44,0
DA:45,0
DA:49,0
DA:51,0
DA:52,0
DA:61,0
DA:62,0
DA:63,0
DA:64,0
DA:70,0
DA:71,0
DA:72,0
DA:74,0
DA:75,0
DA:76,0
DA:81,0
DA:82,0
DA:83,0
DA:87,0
DA:88,0
DA:89,0
DA:94,0
DA:95,0
DA:98,0
DA:100,0
DA:102,0
DA:107,0
DA:110,0
DA:111,0
DA:114,0
DA:115,0
DA:116,0
DA:120,0
DA:122,0
DA:125,0
DA:127,0
DA:129,0
DA:130,0
DA:133,0
DA:134,0
DA:135,0
DA:139,0
DA:141,0
DA:142,0
DA:145,0
DA:147,0
DA:148,0
DA:149,0
DA:150,0
DA:156,0
DA:158,0
DA:159,0
DA:160,0
DA:165,0
DA:166,0
DA:167,0
DA:173,0
DA:174,0
DA:175,0
DA:180,0
DA:181,0
DA:182,0
DA:190,0
DA:191,0
DA:195,0
DA:196,0
DA:197,0
DA:202,0
DA:203,0
DA:204,0
DA:205,0
DA:206,0
DA:207,0
DA:213,0
DA:214,0
DA:215,0
DA:220,0
DA:221,0
DA:222,0
DA:224,0
DA:229,0
DA:232,0
DA:234,0
DA:235,0
DA:236,0
DA:241,2
DA:243,2
DA:244,2
DA:245,2
DA:246,2
DA:247,2
DA:248,0
DA:252,2
DA:253,2
DA:254,2
DA:255,4
DA:256,2
DA:257,2
DA:259,2
DA:264,2
DA:265,2
DA:266,6
DA:267,4
DA:268,0
DA:270,0
DA:271,0
DA:274,0
DA:279,0
DA:280,0
DA:283,2
DA:284,2
DA:285,6
DA:287,2
DA:288,2
DA:289,2
DA:295,2
DA:296,2
DA:297,2
DA:299,2
DA:300,2
DA:301,0
DA:303,0
DA:304,0
DA:305,0
DA:306,0
DA:307,0
DA:309,0
DA:310,0
DA:311,0
DA:316,2
DA:317,2
DA:318,2
DA:319,2
DA:320,2
DA:321,2
DA:323,2
DA:324,2
DA:325,8
DA:326,2
DA:327,2
DA:328,2
DA:330,8
DA:337,2
DA:338,2
DA:339,2
DA:342,8
DA:343,2
DA:346,2
DA:348,4
DA:352,2
DA:354,2
DA:355,2
DA:358,2
DA:362,8
DA:364,0
DA:366,0
DA:370,2
DA:372,2
DA:373,2
DA:374,2
DA:375,2
DA:376,6
DA:377,2
DA:378,2
DA:379,2
DA:380,6
DA:384,2
DA:385,0
DA:386,0
DA:387,0
DA:388,0
DA:389,0
DA:396,2
DA:398,2
DA:399,0
DA:400,0
DA:401,0
DA:402,0
DA:403,0
DA:406,0
DA:407,0
DA:408,0
DA:409,0
DA:410,0
DA:414,0
DA:417,2
DA:418,0
DA:419,0
DA:420,0
DA:421,0
DA:434,2
DA:436,4
DA:437,4
DA:438,2
LF:204
LH:81
BRDA:10,0,0,2
BRDA:32,0,0,2
BRDA:40,0,0,2
BRDA:41,0,0,2
BRDA:49,0,0,0
BRDA:63,0,0,0
BRDA:75,0,0,0
BRDA:81,0,0,0
BRDA:88,0,0,0
BRDA:94,0,0,0
BRDA:110,0,0,0
BRDA:114,0,0,0
BRDA:133,0,0,0
BRDA:134,0,0,0
BRDA:139,0,0,0
BRDA:141,0,0,0
BRDA:148,0,0,0
BRDA:156,0,0,0
BRDA:159,0,0,0
BRDA:166,0,0,0
BRDA:174,0,0,0
BRDA:181,0,0,0
BRDA:190,0,0,0
BRDA:195,0,0,0
BRDA:205,0,0,0
BRDA:234,0,0,0
BRDA:241,0,0,2
BRDA:248,0,0,0
BRDA:346,0,0,2
BRDA:348,0,0,2
BRDA:364,0,0,0
BRDA:366,0,0,0
BRDA:387,0,0,0
BRDA:388,0,0,0
BRDA:434,0,0,2
end_of_record
SF:lib\screens\home_screen.dart
DA:21,3
DA:27,3
DA:29,3
DA:30,3
DA:36,3
DA:38,3
DA:39,6
DA:40,8
DA:42,3
DA:45,3
DA:46,6
DA:48,3
DA:49,2
DA:50,6
DA:51,2
DA:52,2
DA:54,0
DA:55,0
DA:56,0
DA:57,0
DA:58,0
DA:64,0
DA:67,0
DA:70,0
DA:71,0
DA:72,0
DA:73,0
DA:74,0
DA:75,0
DA:78,0
DA:81,0
DA:82,0
DA:84,0
DA:90,0
DA:91,0
DA:95,0
DA:96,0
DA:97,0
DA:103,0
DA:104,0
DA:105,0
DA:112,0
DA:115,0
DA:116,0
DA:118,0
DA:121,0
DA:122,0
DA:126,0
DA:127,0
DA:130,0
DA:131,0
DA:132,0
DA:138,0
DA:142,0
DA:144,0
DA:147,0
DA:148,0
DA:151,0
DA:152,0
DA:156,0
DA:157,0
DA:158,0
DA:159,0
DA:161,0
DA:163,0
DA:171,0
DA:172,0
DA:173,0
DA:180,0
DA:181,0
DA:185,0
DA:187,0
DA:188,0
DA:193,0
DA:194,0
DA:197,0
DA:198,0
DA:199,0
DA:204,0
DA:205,0
DA:207,0
DA:211,0
DA:212,0
DA:214,0
DA:219,0
DA:221,0
DA:222,0
DA:223,0
DA:228,3
DA:230,3
DA:231,3
DA:232,3
DA:234,3
DA:235,3
DA:236,3
DA:237,0
DA:238,0
DA:239,0
DA:244,6
DA:245,3
DA:246,2
DA:247,2
DA:248,4
DA:249,2
DA:250,6
DA:253,3
DA:254,0
DA:255,3
DA:261,3
DA:262,3
DA:263,3
DA:265,3
DA:266,3
DA:267,3
DA:268,3
DA:270,3
DA:275,3
DA:276,3
DA:277,0
DA:279,0
DA:280,0
DA:281,0
DA:282,0
DA:283,0
DA:287,0
DA:290,0
DA:294,3
DA:297,3
DA:304,2
DA:305,2
DA:307,2
DA:308,2
DA:309,2
DA:311,2
DA:312,2
DA:313,2
DA:315,2
DA:316,4
DA:317,2
DA:318,2
DA:319,2
DA:320,2
DA:324,2
DA:325,2
DA:328,2
DA:329,2
DA:330,2
DA:336,2
DA:337,2
DA:338,2
DA:339,2
DA:345,2
DA:346,2
DA:347,4
DA:348,2
DA:350,2
DA:351,2
DA:352,4
DA:353,2
DA:355,2
DA:356,2
DA:357,4
DA:358,2
DA:360,2
DA:361,2
DA:363,2
DA:364,2
DA:365,2
DA:366,0
DA:367,0
DA:368,0
DA:374,2
DA:375,2
DA:376,0
DA:386,0
DA:387,0
DA:388,0
DA:389,0
DA:390,0
DA:391,0
DA:392,0
DA:393,0
DA:394,0
DA:395,0
DA:396,0
DA:397,0
DA:400,0
DA:401,0
DA:402,0
DA:403,0
DA:404,0
LF:191
LH:86
BRDA:21,0,0,3
BRDA:29,0,0,3
BRDA:36,0,0,3
BRDA:45,0,0,3
BRDA:55,0,0,0
BRDA:56,0,0,0
BRDA:64,0,0,0
BRDA:67,0,0,0
BRDA:90,0,0,0
BRDA:91,0,0,0
BRDA:112,0,0,0
BRDA:116,0,0,0
BRDA:138,0,0,0
BRDA:163,0,0,0
BRDA:228,0,0,3
BRDA:237,0,0,0
BRDA:249,0,0,2
BRDA:254,0,0,0
BRDA:261,0,0,3
BRDA:277,0,0,0
BRDA:282,0,0,0
BRDA:287,0,0,0
BRDA:304,0,0,2
BRDA:324,0,0,2
BRDA:366,0,0,0
BRDA:376,0,0,0
BRDA:386,0,0,0
BRDA:389,0,0,0
BRDA:396,0,0,0
BRDA:402,0,0,0
end_of_record
SF:lib\screens\main_screen.dart
DA:12,4
DA:14,2
DA:15,2
DA:27,2
DA:29,2
DA:30,2
DA:34,0
DA:35,0
DA:36,0
DA:37,0
DA:38,0
DA:39,0
DA:40,0
DA:43,0
DA:44,0
DA:45,0
DA:46,0
DA:49,0
DA:53,2
DA:54,4
DA:55,2
DA:59,2
DA:60,2
DA:61,6
DA:62,2
DA:63,2
DA:65,0
DA:66,0
DA:67,0
DA:69,0
DA:70,0
DA:71,0
DA:74,0
DA:75,0
DA:80,0
DA:83,0
DA:84,0
DA:85,0
DA:91,0
DA:92,0
DA:93,0
DA:94,0
DA:96,0
DA:102,0
DA:103,0
DA:104,0
DA:105,0
DA:106,0
DA:107,0
DA:108,0
DA:115,0
DA:116,0
DA:119,0
DA:120,0
DA:121,0
DA:123,0
DA:124,0
DA:126,0
DA:131,0
DA:136,2
DA:139,2
DA:140,2
DA:141,4
DA:142,2
DA:143,2
DA:144,2
DA:145,2
DA:146,4
DA:147,4
DA:148,4
DA:154,0
DA:155,0
DA:156,0
DA:157,0
DA:159,0
DA:160,0
DA:161,0
DA:162,0
DA:164,0
DA:166,0
DA:167,0
DA:171,0
DA:172,0
DA:173,0
DA:174,0
LF:85
LH:25
BRDA:12,0,0,2
BRDA:14,0,0,2
BRDA:27,0,0,2
BRDA:34,0,0,0
BRDA:44,0,0,0
BRDA:53,0,0,2
BRDA:54,0,0,2
BRDA:69,0,0,0
BRDA:83,0,0,0
BRDA:91,0,0,0
BRDA:93,0,0,0
BRDA:102,0,0,0
BRDA:106,0,0,0
BRDA:115,0,0,0
BRDA:136,0,0,2
BRDA:144,0,0,2
BRDA:161,0,0,0
BRDA:166,0,0,0
end_of_record
SF:lib\screens\pet_profile_screen.dart
DA:15,4
DA:17,2
DA:18,2
DA:33,2
DA:35,2
DA:37,4
DA:38,2
DA:39,10
DA:40,10
DA:41,12
DA:42,10
DA:43,8
DA:47,0
DA:48,0
DA:49,0
DA:52,0
DA:53,0
DA:58,0
DA:59,0
DA:60,0
DA:61,0
DA:63,0
DA:64,0
DA:69,0
DA:72,0
DA:73,0
DA:75,0
DA:76,0
DA:80,0
DA:84,0
DA:85,0
DA:89,0
DA:90,0
DA:91,0
DA:92,0
DA:93,0
DA:94,0
DA:100,0
DA:101,0
DA:103,0
DA:109,0
DA:110,0
DA:111,0
DA:112,0
DA:116,0
DA:118,0
DA:119,0
DA:120,0
DA:121,0
DA:122,0
DA:124,0
DA:127,0
DA:130,0
DA:131,0
DA:132,0
DA:134,0
DA:139,0
DA:141,0
DA:142,0
DA:143,0
DA:144,0
DA:145,0
DA:147,0
DA:151,0
DA:154,0
DA:155,0
DA:156,0
DA:158,0
DA:165,0
DA:168,0
DA:169,0
DA:173,0
DA:174,0
DA:175,0
DA:176,0
DA:183,0
DA:184,0
DA:185,0
DA:191,2
DA:193,2
DA:194,0
DA:196,0
DA:199,2
DA:200,2
DA:201,4
DA:204,2
DA:205,2
DA:206,0
DA:208,0
DA:212,2
DA:213,2
DA:214,2
DA:215,2
DA:216,2
DA:217,2
DA:218,6
DA:225,2
DA:226,2
DA:227,2
DA:228,2
DA:229,2
DA:231,2
DA:232,2
DA:233,2
DA:234,2
DA:235,2
DA:237,2
DA:238,2
DA:239,0
DA:240,4
DA:241,4
DA:243,6
DA:244,4
DA:247,2
DA:250,2
DA:252,2
DA:253,2
DA:260,2
DA:261,4
DA:262,2
DA:263,4
DA:264,2
DA:265,4
DA:266,2
DA:267,4
DA:268,2
DA:269,2
DA:270,0
DA:271,2
DA:272,2
DA:274,2
DA:275,4
DA:277,4
DA:278,2
DA:279,2
DA:280,2
DA:293,2
DA:295,2
DA:299,2
DA:301,2
DA:304,2
DA:305,2
DA:308,2
DA:309,2
DA:310,2
DA:313,0
DA:314,0
DA:315,0
DA:319,0
DA:321,0
DA:322,0
DA:325,0
DA:335,2
DA:339,2
DA:341,4
DA:342,4
DA:343,4
DA:344,4
DA:345,2
LF:159
LH:80
BRDA:15,0,0,2
BRDA:17,0,0,2
BRDA:33,0,0,2
BRDA:47,0,0,0
BRDA:52,0,0,0
BRDA:58,0,0,0
BRDA:72,0,0,0
BRDA:75,0,0,0
BRDA:184,0,0,0
BRDA:191,0,0,2
BRDA:194,0,0,0
BRDA:206,0,0,0
BRDA:293,0,0,2
BRDA:313,0,0,0
BRDA:339,0,0,2
end_of_record
SF:lib\screens\signin_screen.dart
DA:6,2
DA:7,2
DA:18,2
DA:19,6
DA:20,0
DA:21,0
DA:22,0
DA:26,0
DA:27,0
DA:28,0
DA:30,0
DA:31,0
DA:32,0
DA:33,0
DA:36,0
DA:37,0
DA:43,2
DA:45,2
DA:46,2
DA:47,2
DA:48,2
DA:49,2
DA:50,2
DA:51,2
DA:52,2
DA:54,2
DA:55,2
DA:57,2
DA:59,2
DA:60,2
DA:62,2
DA:67,2
DA:68,2
DA:69,2
DA:71,2
DA:73,2
DA:74,2
DA:76,2
DA:77,2
DA:80,2
DA:86,2
DA:87,2
DA:88,2
DA:90,2
DA:92,2
DA:93,2
DA:95,2
DA:96,2
DA:102,2
DA:103,4
DA:104,0
DA:105,0
DA:106,0
DA:107,0
DA:108,0
DA:111,2
DA:112,4
DA:113,2
DA:114,2
DA:115,2
DA:116,0
DA:117,2
DA:119,2
DA:123,2
DA:124,2
DA:125,2
DA:126,2
DA:128,6
DA:131,2
DA:142,2
DA:144,4
DA:145,4
DA:146,2
LF:73
LH:55
BRDA:6,0,0,2
BRDA:18,0,0,2
BRDA:20,0,0,0
BRDA:32,0,0,0
BRDA:36,0,0,0
BRDA:43,0,0,2
BRDA:76,0,0,2
BRDA:95,0,0,2
BRDA:125,0,0,2
BRDA:128,0,0,2
BRDA:142,0,0,2
end_of_record
SF:lib\screens\signup_screen.dart
DA:6,2
DA:7,2
DA:19,2
DA:20,6
DA:21,0
DA:22,0
DA:23,0
DA:27,0
DA:28,0
DA:29,0
DA:31,0
DA:32,0
DA:33,0
DA:34,0
DA:37,0
DA:38,0
DA:44,2
DA:46,2
DA:47,2
DA:48,2
DA:49,2
DA:50,2
DA:53,6
DA:56,2
DA:57,2
DA:58,2
DA:59,2
DA:60,2
DA:61,2
DA:63,2
DA:64,2
DA:66,2
DA:68,2
DA:69,2
DA:71,2
DA:78,2
DA:79,2
DA:80,2
DA:82,2
DA:85,4
DA:86,2
DA:87,2
DA:88,2
DA:89,2
DA:91,2
DA:93,2
DA:94,2
DA:95,2
DA:98,2
DA:104,2
DA:105,2
DA:106,2
DA:108,2
DA:111,4
DA:112,2
DA:113,2
DA:114,2
DA:115,2
DA:117,2
DA:119,2
DA:120,2
DA:121,2
DA:124,4
DA:130,2
DA:131,2
DA:132,2
DA:134,2
DA:137,4
DA:138,2
DA:139,2
DA:140,2
DA:141,2
DA:143,2
DA:145,2
DA:146,2
DA:147,2
DA:150,6
DA:156,2
DA:157,4
DA:158,0
DA:159,0
DA:160,0
DA:161,0
DA:162,0
DA:165,2
DA:166,4
DA:167,2
DA:168,2
DA:169,2
DA:170,0
DA:171,2
DA:173,2
DA:176,2
DA:177,2
DA:178,2
DA:179,2
DA:181,2
DA:194,2
DA:196,4
DA:197,4
DA:198,4
DA:199,2
LF:102
LH:84
BRDA:6,0,0,2
BRDA:19,0,0,2
BRDA:21,0,0,0
BRDA:33,0,0,0
BRDA:37,0,0,0
BRDA:44,0,0,2
BRDA:94,0,0,2
BRDA:120,0,0,2
BRDA:146,0,0,2
BRDA:194,0,0,2
end_of_record
SF:lib\services\post_service.dart
DA:12,3
DA:13,3
DA:14,3
DA:15,3
DA:16,3
DA:17,3
DA:18,3
DA:19,0
DA:21,0
DA:22,0
DA:23,0
DA:25,0
DA:28,0
DA:29,0
DA:34,0
DA:40,0
DA:45,1
DA:47,1
DA:48,1
DA:49,1
DA:50,1
DA:52,0
DA:53,0
DA:57,0
DA:58,0
DA:59,0
DA:60,0
DA:61,0
DA:62,0
DA:64,0
DA:66,0
DA:67,0
DA:68,0
DA:70,0
DA:73,0
DA:74,0
DA:79,0
DA:85,0
DA:88,1
DA:89,1
DA:90,1
DA:91,1
DA:92,1
DA:93,1
DA:94,1
DA:95,1
DA:96,0
DA:98,0
DA:99,0
DA:100,0
DA:102,0
DA:104,0
DA:105,0
DA:111,0
DA:114,0
DA:118,1
DA:120,2
DA:121,1
DA:123,0
DA:126,0
DA:127,0
DA:128,0
DA:132,0
DA:134,0
DA:136,0
DA:137,0
DA:138,0
DA:142,0
DA:143,0
DA:144,0
DA:148,2
DA:153,1
DA:155,2
DA:156,1
DA:158,0
DA:160,0
DA:161,0
DA:162,0
DA:164,0
DA:168,0
DA:169,0
DA:170,0
DA:174,0
DA:177,0
DA:178,0
DA:181,2
DA:188,1
DA:193,2
DA:198,0
DA:203,1
DA:209,2
DA:210,1
DA:212,0
DA:213,0
DA:214,0
DA:218,0
DA:221,0
DA:224,0
DA:226,2
DA:231,1
DA:233,2
DA:234,1
DA:236,0
DA:237,0
DA:238,0
DA:241,0
DA:242,0
DA:245,0
DA:247,2
LF:109
LH:38
BRDA:12,0,0,3
BRDA:18,0,0,0
BRDA:19,0,0,0
BRDA:45,0,0,1
BRDA:64,0,0,0
BRDA:88,0,0,1
BRDA:95,0,0,0
BRDA:96,0,0,0
BRDA:118,0,0,1
BRDA:153,0,0,1
BRDA:188,0,0,1
BRDA:203,0,0,1
BRDA:231,0,0,1
end_of_record
